# Logfile created on 2014-01-11 17:12:41 -0500 by logger.rb/41954
I, [2014-01-11T17:12:41.745096 #93187]  INFO -- : 0:  rake (10.1.0) from /Users/nirujan/.rvm/gems/ruby-2.0.0-p353/specifications/rake-10.1.0.gemspec
I, [2014-01-11T17:12:43.126971 #93187]  INFO -- : 0:  i18n (0.6.5) from /Users/nirujan/.rvm/gems/ruby-2.0.0-p353/specifications/i18n-0.6.5.gemspec
I, [2014-01-11T17:12:43.127367 #93187]  INFO -- : 0:  minitest (4.7.5) from /Users/nirujan/.rvm/gems/ruby-2.0.0-p353/specifications/minitest-4.7.5.gemspec
I, [2014-01-11T17:12:43.127619 #93187]  INFO -- : 0:  multi_json (1.8.2) from /Users/nirujan/.rvm/gems/ruby-2.0.0-p353/specifications/multi_json-1.8.2.gemspec
I, [2014-01-11T17:12:43.127856 #93187]  INFO -- : 0:  atomic (1.1.14) from /Users/nirujan/.rvm/gems/ruby-2.0.0-p353/specifications/atomic-1.1.14.gemspec
I, [2014-01-11T17:12:43.128092 #93187]  INFO -- : 0:  thread_safe (0.1.3) from /Users/nirujan/.rvm/gems/ruby-2.0.0-p353/specifications/thread_safe-0.1.3.gemspec
I, [2014-01-11T17:12:43.128328 #93187]  INFO -- : 0:  tzinfo (0.3.38) from /Users/nirujan/.rvm/gems/ruby-2.0.0-p353/specifications/tzinfo-0.3.38.gemspec
I, [2014-01-11T17:12:45.949787 #93187]  INFO -- : 0:  activesupport (4.0.1) from /Users/nirujan/.rvm/gems/ruby-2.0.0-p353/specifications/activesupport-4.0.1.gemspec
I, [2014-01-11T17:12:45.950178 #93187]  INFO -- : 0:  builder (3.1.4) from /Users/nirujan/.rvm/gems/ruby-2.0.0-p353/specifications/builder-3.1.4.gemspec
I, [2014-01-11T17:12:45.950419 #93187]  INFO -- : 0:  erubis (2.7.0) from /Users/nirujan/.rvm/gems/ruby-2.0.0-p353/specifications/erubis-2.7.0.gemspec
I, [2014-01-11T17:12:45.950657 #93187]  INFO -- : 0:  rack (1.5.2) from /Users/nirujan/.rvm/gems/ruby-2.0.0-p353/specifications/rack-1.5.2.gemspec
I, [2014-01-11T17:12:45.950891 #93187]  INFO -- : 0:  rack-test (0.6.2) from /Users/nirujan/.rvm/gems/ruby-2.0.0-p353/specifications/rack-test-0.6.2.gemspec
I, [2014-01-11T17:12:48.315432 #93187]  INFO -- : 0:  actionpack (4.0.1) from /Users/nirujan/.rvm/gems/ruby-2.0.0-p353/specifications/actionpack-4.0.1.gemspec
I, [2014-01-11T17:12:48.315883 #93187]  INFO -- : 0:  mime-types (1.25.1) from /Users/nirujan/.rvm/gems/ruby-2.0.0-p353/specifications/mime-types-1.25.1.gemspec
I, [2014-01-11T17:12:48.316160 #93187]  INFO -- : 0:  polyglot (0.3.3) from /Users/nirujan/.rvm/gems/ruby-2.0.0-p353/specifications/polyglot-0.3.3.gemspec
I, [2014-01-11T17:12:48.316404 #93187]  INFO -- : 0:  treetop (1.4.15) from /Users/nirujan/.rvm/gems/ruby-2.0.0-p353/specifications/treetop-1.4.15.gemspec
I, [2014-01-11T17:12:48.316643 #93187]  INFO -- : 0:  mail (2.5.4) from /Users/nirujan/.rvm/gems/ruby-2.0.0-p353/specifications/mail-2.5.4.gemspec
I, [2014-01-11T17:12:49.382362 #93187]  INFO -- : 0:  actionmailer (4.0.1) from /Users/nirujan/.rvm/gems/ruby-2.0.0-p353/specifications/actionmailer-4.0.1.gemspec
I, [2014-01-11T17:12:50.172228 #93187]  INFO -- : 0:  activemodel (4.0.1) from /Users/nirujan/.rvm/gems/ruby-2.0.0-p353/specifications/activemodel-4.0.1.gemspec
I, [2014-01-11T17:12:50.172619 #93187]  INFO -- : 0:  activerecord-deprecated_finders (1.0.3) from /Users/nirujan/.rvm/gems/ruby-2.0.0-p353/specifications/activerecord-deprecated_finders-1.0.3.gemspec
I, [2014-01-11T17:12:50.172872 #93187]  INFO -- : 0:  arel (4.0.1) from /Users/nirujan/.rvm/gems/ruby-2.0.0-p353/specifications/arel-4.0.1.gemspec
I, [2014-01-11T17:12:51.849117 #93187]  INFO -- : 0:  activerecord (4.0.1) from /Users/nirujan/.rvm/gems/ruby-2.0.0-p353/specifications/activerecord-4.0.1.gemspec
I, [2014-01-11T17:12:51.849429 #93187]  INFO -- : 0:  coffee-script-source (1.6.3) from /Users/nirujan/.rvm/gems/ruby-2.0.0-p353/specifications/coffee-script-source-1.6.3.gemspec
I, [2014-01-11T17:12:51.849622 #93187]  INFO -- : 0:  execjs (2.0.2) from /Users/nirujan/.rvm/gems/ruby-2.0.0-p353/specifications/execjs-2.0.2.gemspec
I, [2014-01-11T17:12:51.849808 #93187]  INFO -- : 0:  coffee-script (2.2.0) from /Users/nirujan/.rvm/gems/ruby-2.0.0-p353/specifications/coffee-script-2.2.0.gemspec
I, [2014-01-11T17:12:51.849991 #93187]  INFO -- : 0:  thor (0.18.1) from /Users/nirujan/.rvm/gems/ruby-2.0.0-p353/specifications/thor-0.18.1.gemspec
I, [2014-01-11T17:12:53.324170 #93187]  INFO -- : 0:  railties (4.0.1) from /Users/nirujan/.rvm/gems/ruby-2.0.0-p353/specifications/railties-4.0.1.gemspec
I, [2014-01-11T17:12:53.324497 #93187]  INFO -- : 0:  coffee-rails (4.0.1) from /Users/nirujan/.rvm/gems/ruby-2.0.0-p353/specifications/coffee-rails-4.0.1.gemspec
I, [2014-01-11T17:12:53.324692 #93187]  INFO -- : 0:  hike (1.2.3) from /Users/nirujan/.rvm/gems/ruby-2.0.0-p353/specifications/hike-1.2.3.gemspec
I, [2014-01-11T17:12:54.447510 #93187]  INFO -- : 0:  jbuilder (1.5.2) from /Users/nirujan/.rvm/gems/ruby-2.0.0-p353/specifications/jbuilder-1.5.2.gemspec
I, [2014-01-11T17:12:54.447926 #93187]  INFO -- : 0:  jquery-rails (3.0.4) from /Users/nirujan/.rvm/gems/ruby-2.0.0-p353/specifications/jquery-rails-3.0.4.gemspec
I, [2014-01-11T17:12:54.448217 #93187]  INFO -- : 0:  json (1.8.1) from /Users/nirujan/.rvm/gems/ruby-2.0.0-p353/specifications/json-1.8.1.gemspec
I, [2014-01-11T17:12:54.448481 #93187]  INFO -- : 0:  bundler (1.5.1) from /Users/nirujan/.rvm/gems/ruby-2.0.0-p353@global/specifications/bundler-1.5.1.gemspec
I, [2014-01-11T17:12:54.448752 #93187]  INFO -- : 0:  tilt (1.4.1) from /Users/nirujan/.rvm/gems/ruby-2.0.0-p353/specifications/tilt-1.4.1.gemspec
I, [2014-01-11T17:12:54.449020 #93187]  INFO -- : 0:  sprockets (2.10.1) from /Users/nirujan/.rvm/gems/ruby-2.0.0-p353/specifications/sprockets-2.10.1.gemspec
I, [2014-01-11T17:12:54.449284 #93187]  INFO -- : 0:  sprockets-rails (2.0.1) from /Users/nirujan/.rvm/gems/ruby-2.0.0-p353/specifications/sprockets-rails-2.0.1.gemspec
I, [2014-01-11T17:13:00.622782 #93187]  INFO -- : 0:  rails (4.0.1) from /Users/nirujan/.rvm/gems/ruby-2.0.0-p353/specifications/rails-4.0.1.gemspec
I, [2014-01-11T17:13:02.998036 #93187]  INFO -- : 0:  rdoc (3.12.2) from /Users/nirujan/.rvm/gems/ruby-2.0.0-p353/specifications/rdoc-3.12.2.gemspec
I, [2014-01-11T17:13:05.508372 #93187]  INFO -- : 0:  sass (3.2.12) from /Users/nirujan/.rvm/gems/ruby-2.0.0-p353/specifications/sass-3.2.12.gemspec
I, [2014-01-11T17:13:05.508810 #93187]  INFO -- : 0:  sass-rails (4.0.1) from /Users/nirujan/.rvm/gems/ruby-2.0.0-p353/specifications/sass-rails-4.0.1.gemspec
I, [2014-01-11T17:13:07.479816 #93187]  INFO -- : 0:  sdoc (0.3.20) from /Users/nirujan/.rvm/gems/ruby-2.0.0-p353/specifications/sdoc-0.3.20.gemspec
I, [2014-01-11T17:13:08.151551 #93187]  INFO -- : 0:  turbolinks (1.3.1) from /Users/nirujan/.rvm/gems/ruby-2.0.0-p353/specifications/turbolinks-1.3.1.gemspec
I, [2014-01-11T17:13:09.473556 #93187]  INFO -- : 0:  uglifier (2.3.1) from /Users/nirujan/.rvm/gems/ruby-2.0.0-p353/specifications/uglifier-2.3.1.gemspec
I, [2014-01-11T17:13:27.137160 #93188]  INFO -- : 0:  rake (10.1.1) from /Users/nirujan/.rvm/gems/ruby-2.0.0-p353/specifications/rake-10.1.1.gemspec
I, [2014-01-11T17:13:27.137490 #93188]  INFO -- : 0:  i18n (0.6.9) from /Users/nirujan/.rvm/gems/ruby-2.0.0-p353/specifications/i18n-0.6.9.gemspec
I, [2014-01-11T17:13:27.137694 #93188]  INFO -- : 0:  minitest (4.7.5) from /Users/nirujan/.rvm/gems/ruby-2.0.0-p353/specifications/minitest-4.7.5.gemspec
I, [2014-01-11T17:13:27.137887 #93188]  INFO -- : 0:  multi_json (1.8.4) from /Users/nirujan/.rvm/gems/ruby-2.0.0-p353/specifications/multi_json-1.8.4.gemspec
I, [2014-01-11T17:13:27.138149 #93188]  INFO -- : 0:  atomic (1.1.14) from /Users/nirujan/.rvm/gems/ruby-2.0.0-p353/specifications/atomic-1.1.14.gemspec
I, [2014-01-11T17:13:27.138427 #93188]  INFO -- : 0:  thread_safe (0.1.3) from /Users/nirujan/.rvm/gems/ruby-2.0.0-p353/specifications/thread_safe-0.1.3.gemspec
I, [2014-01-11T17:13:27.138659 #93188]  INFO -- : 0:  tzinfo (0.3.38) from /Users/nirujan/.rvm/gems/ruby-2.0.0-p353/specifications/tzinfo-0.3.38.gemspec
I, [2014-01-11T17:13:27.138900 #93188]  INFO -- : 0:  activesupport (4.0.1) from /Users/nirujan/.rvm/gems/ruby-2.0.0-p353/specifications/activesupport-4.0.1.gemspec
I, [2014-01-11T17:13:27.139149 #93188]  INFO -- : 0:  builder (3.1.4) from /Users/nirujan/.rvm/gems/ruby-2.0.0-p353/specifications/builder-3.1.4.gemspec
I, [2014-01-11T17:13:27.139406 #93188]  INFO -- : 0:  erubis (2.7.0) from /Users/nirujan/.rvm/gems/ruby-2.0.0-p353/specifications/erubis-2.7.0.gemspec
I, [2014-01-11T17:13:27.139648 #93188]  INFO -- : 0:  rack (1.5.2) from /Users/nirujan/.rvm/gems/ruby-2.0.0-p353/specifications/rack-1.5.2.gemspec
I, [2014-01-11T17:13:27.139886 #93188]  INFO -- : 0:  rack-test (0.6.2) from /Users/nirujan/.rvm/gems/ruby-2.0.0-p353/specifications/rack-test-0.6.2.gemspec
I, [2014-01-11T17:13:27.140138 #93188]  INFO -- : 0:  actionpack (4.0.1) from /Users/nirujan/.rvm/gems/ruby-2.0.0-p353/specifications/actionpack-4.0.1.gemspec
I, [2014-01-11T17:13:27.140379 #93188]  INFO -- : 0:  mime-types (1.25.1) from /Users/nirujan/.rvm/gems/ruby-2.0.0-p353/specifications/mime-types-1.25.1.gemspec
I, [2014-01-11T17:13:27.140641 #93188]  INFO -- : 0:  polyglot (0.3.3) from /Users/nirujan/.rvm/gems/ruby-2.0.0-p353/specifications/polyglot-0.3.3.gemspec
I, [2014-01-11T17:13:27.140899 #93188]  INFO -- : 0:  treetop (1.4.15) from /Users/nirujan/.rvm/gems/ruby-2.0.0-p353/specifications/treetop-1.4.15.gemspec
I, [2014-01-11T17:13:27.141143 #93188]  INFO -- : 0:  mail (2.5.4) from /Users/nirujan/.rvm/gems/ruby-2.0.0-p353/specifications/mail-2.5.4.gemspec
I, [2014-01-11T17:13:27.157032 #93188]  INFO -- : 0:  actionmailer (4.0.1) from /Users/nirujan/.rvm/gems/ruby-2.0.0-p353/specifications/actionmailer-4.0.1.gemspec
I, [2014-01-11T17:13:27.157310 #93188]  INFO -- : 0:  activemodel (4.0.1) from /Users/nirujan/.rvm/gems/ruby-2.0.0-p353/specifications/activemodel-4.0.1.gemspec
I, [2014-01-11T17:13:27.157529 #93188]  INFO -- : 0:  activerecord-deprecated_finders (1.0.3) from /Users/nirujan/.rvm/gems/ruby-2.0.0-p353/specifications/activerecord-deprecated_finders-1.0.3.gemspec
I, [2014-01-11T17:13:27.157732 #93188]  INFO -- : 0:  arel (4.0.1) from /Users/nirujan/.rvm/gems/ruby-2.0.0-p353/specifications/arel-4.0.1.gemspec
I, [2014-01-11T17:13:27.157937 #93188]  INFO -- : 0:  activerecord (4.0.1) from /Users/nirujan/.rvm/gems/ruby-2.0.0-p353/specifications/activerecord-4.0.1.gemspec
I, [2014-01-11T17:13:27.158128 #93188]  INFO -- : 0:  bundler (1.5.1) from /Users/nirujan/.rvm/gems/ruby-2.0.0-p353@global/specifications/bundler-1.5.1.gemspec
I, [2014-01-11T17:13:27.158327 #93188]  INFO -- : 0:  coffee-script-source (1.6.3) from /Users/nirujan/.rvm/gems/ruby-2.0.0-p353/specifications/coffee-script-source-1.6.3.gemspec
I, [2014-01-11T17:13:27.158504 #93188]  INFO -- : 0:  execjs (2.0.2) from /Users/nirujan/.rvm/gems/ruby-2.0.0-p353/specifications/execjs-2.0.2.gemspec
I, [2014-01-11T17:13:27.158683 #93188]  INFO -- : 0:  coffee-script (2.2.0) from /Users/nirujan/.rvm/gems/ruby-2.0.0-p353/specifications/coffee-script-2.2.0.gemspec
I, [2014-01-11T17:13:27.158876 #93188]  INFO -- : 0:  thor (0.18.1) from /Users/nirujan/.rvm/gems/ruby-2.0.0-p353/specifications/thor-0.18.1.gemspec
I, [2014-01-11T17:13:27.159085 #93188]  INFO -- : 0:  railties (4.0.1) from /Users/nirujan/.rvm/gems/ruby-2.0.0-p353/specifications/railties-4.0.1.gemspec
I, [2014-01-11T17:13:27.159280 #93188]  INFO -- : 0:  coffee-rails (4.0.1) from /Users/nirujan/.rvm/gems/ruby-2.0.0-p353/specifications/coffee-rails-4.0.1.gemspec
I, [2014-01-11T17:13:27.159472 #93188]  INFO -- : 0:  hike (1.2.3) from /Users/nirujan/.rvm/gems/ruby-2.0.0-p353/specifications/hike-1.2.3.gemspec
I, [2014-01-11T17:13:27.159681 #93188]  INFO -- : 0:  jbuilder (1.5.3) from /Users/nirujan/.rvm/gems/ruby-2.0.0-p353/specifications/jbuilder-1.5.3.gemspec
I, [2014-01-11T17:13:27.159882 #93188]  INFO -- : 0:  jquery-rails (3.0.4) from /Users/nirujan/.rvm/gems/ruby-2.0.0-p353/specifications/jquery-rails-3.0.4.gemspec
I, [2014-01-11T17:13:27.160079 #93188]  INFO -- : 0:  json (1.8.1) from /Users/nirujan/.rvm/gems/ruby-2.0.0-p353/specifications/json-1.8.1.gemspec
I, [2014-01-11T17:13:27.160255 #93188]  INFO -- : 0:  tilt (1.4.1) from /Users/nirujan/.rvm/gems/ruby-2.0.0-p353/specifications/tilt-1.4.1.gemspec
I, [2014-01-11T17:13:27.160450 #93188]  INFO -- : 0:  sprockets (2.10.1) from /Users/nirujan/.rvm/gems/ruby-2.0.0-p353/specifications/sprockets-2.10.1.gemspec
I, [2014-01-11T17:13:27.160670 #93188]  INFO -- : 0:  sprockets-rails (2.0.1) from /Users/nirujan/.rvm/gems/ruby-2.0.0-p353/specifications/sprockets-rails-2.0.1.gemspec
I, [2014-01-11T17:13:27.160872 #93188]  INFO -- : 0:  rails (4.0.1) from /Users/nirujan/.rvm/gems/ruby-2.0.0-p353/specifications/rails-4.0.1.gemspec
I, [2014-01-11T17:13:27.161080 #93188]  INFO -- : 0:  rdoc (4.1.1) from /Users/nirujan/.rvm/gems/ruby-2.0.0-p353/specifications/rdoc-4.1.1.gemspec
I, [2014-01-11T17:13:27.161285 #93188]  INFO -- : 0:  sass (3.2.13) from /Users/nirujan/.rvm/gems/ruby-2.0.0-p353/specifications/sass-3.2.13.gemspec
I, [2014-01-11T17:13:27.161554 #93188]  INFO -- : 0:  sass-rails (4.0.1) from /Users/nirujan/.rvm/gems/ruby-2.0.0-p353/specifications/sass-rails-4.0.1.gemspec
I, [2014-01-11T17:13:27.161842 #93188]  INFO -- : 0:  sdoc (0.4.0) from /Users/nirujan/.rvm/gems/ruby-2.0.0-p353/specifications/sdoc-0.4.0.gemspec
I, [2014-01-11T17:13:27.162083 #93188]  INFO -- : 0:  turbolinks (2.2.0) from /Users/nirujan/.rvm/gems/ruby-2.0.0-p353/specifications/turbolinks-2.2.0.gemspec
I, [2014-01-11T17:13:27.162324 #93188]  INFO -- : 0:  uglifier (2.4.0) from /Users/nirujan/.rvm/gems/ruby-2.0.0-p353/specifications/uglifier-2.4.0.gemspec
I, [2014-01-11T17:13:35.513222 #93189]  INFO -- : 0:  rake (10.1.1) from /Users/nirujan/.rvm/gems/ruby-2.0.0-p353/specifications/rake-10.1.1.gemspec
I, [2014-01-11T17:13:35.513540 #93189]  INFO -- : 0:  i18n (0.6.9) from /Users/nirujan/.rvm/gems/ruby-2.0.0-p353/specifications/i18n-0.6.9.gemspec
I, [2014-01-11T17:13:35.513745 #93189]  INFO -- : 0:  minitest (4.7.5) from /Users/nirujan/.rvm/gems/ruby-2.0.0-p353/specifications/minitest-4.7.5.gemspec
I, [2014-01-11T17:13:35.513943 #93189]  INFO -- : 0:  multi_json (1.8.4) from /Users/nirujan/.rvm/gems/ruby-2.0.0-p353/specifications/multi_json-1.8.4.gemspec
I, [2014-01-11T17:13:35.514127 #93189]  INFO -- : 0:  atomic (1.1.14) from /Users/nirujan/.rvm/gems/ruby-2.0.0-p353/specifications/atomic-1.1.14.gemspec
I, [2014-01-11T17:13:35.514316 #93189]  INFO -- : 0:  thread_safe (0.1.3) from /Users/nirujan/.rvm/gems/ruby-2.0.0-p353/specifications/thread_safe-0.1.3.gemspec
I, [2014-01-11T17:13:35.514500 #93189]  INFO -- : 0:  tzinfo (0.3.38) from /Users/nirujan/.rvm/gems/ruby-2.0.0-p353/specifications/tzinfo-0.3.38.gemspec
I, [2014-01-11T17:13:35.514689 #93189]  INFO -- : 0:  activesupport (4.0.1) from /Users/nirujan/.rvm/gems/ruby-2.0.0-p353/specifications/activesupport-4.0.1.gemspec
I, [2014-01-11T17:13:35.514874 #93189]  INFO -- : 0:  builder (3.1.4) from /Users/nirujan/.rvm/gems/ruby-2.0.0-p353/specifications/builder-3.1.4.gemspec
I, [2014-01-11T17:13:35.515058 #93189]  INFO -- : 0:  erubis (2.7.0) from /Users/nirujan/.rvm/gems/ruby-2.0.0-p353/specifications/erubis-2.7.0.gemspec
I, [2014-01-11T17:13:35.515240 #93189]  INFO -- : 0:  rack (1.5.2) from /Users/nirujan/.rvm/gems/ruby-2.0.0-p353/specifications/rack-1.5.2.gemspec
I, [2014-01-11T17:13:35.515421 #93189]  INFO -- : 0:  rack-test (0.6.2) from /Users/nirujan/.rvm/gems/ruby-2.0.0-p353/specifications/rack-test-0.6.2.gemspec
I, [2014-01-11T17:13:35.515609 #93189]  INFO -- : 0:  actionpack (4.0.1) from /Users/nirujan/.rvm/gems/ruby-2.0.0-p353/specifications/actionpack-4.0.1.gemspec
I, [2014-01-11T17:13:35.515794 #93189]  INFO -- : 0:  mime-types (1.25.1) from /Users/nirujan/.rvm/gems/ruby-2.0.0-p353/specifications/mime-types-1.25.1.gemspec
I, [2014-01-11T17:13:35.516005 #93189]  INFO -- : 0:  polyglot (0.3.3) from /Users/nirujan/.rvm/gems/ruby-2.0.0-p353/specifications/polyglot-0.3.3.gemspec
I, [2014-01-11T17:13:35.516191 #93189]  INFO -- : 0:  treetop (1.4.15) from /Users/nirujan/.rvm/gems/ruby-2.0.0-p353/specifications/treetop-1.4.15.gemspec
I, [2014-01-11T17:13:35.516371 #93189]  INFO -- : 0:  mail (2.5.4) from /Users/nirujan/.rvm/gems/ruby-2.0.0-p353/specifications/mail-2.5.4.gemspec
I, [2014-01-11T17:13:35.516570 #93189]  INFO -- : 0:  actionmailer (4.0.1) from /Users/nirujan/.rvm/gems/ruby-2.0.0-p353/specifications/actionmailer-4.0.1.gemspec
I, [2014-01-11T17:13:35.516767 #93189]  INFO -- : 0:  activemodel (4.0.1) from /Users/nirujan/.rvm/gems/ruby-2.0.0-p353/specifications/activemodel-4.0.1.gemspec
I, [2014-01-11T17:13:35.517228 #93189]  INFO -- : 0:  activerecord-deprecated_finders (1.0.3) from /Users/nirujan/.rvm/gems/ruby-2.0.0-p353/specifications/activerecord-deprecated_finders-1.0.3.gemspec
I, [2014-01-11T17:13:35.517438 #93189]  INFO -- : 0:  arel (4.0.1) from /Users/nirujan/.rvm/gems/ruby-2.0.0-p353/specifications/arel-4.0.1.gemspec
I, [2014-01-11T17:13:35.517623 #93189]  INFO -- : 0:  activerecord (4.0.1) from /Users/nirujan/.rvm/gems/ruby-2.0.0-p353/specifications/activerecord-4.0.1.gemspec
I, [2014-01-11T17:13:35.517843 #93189]  INFO -- : 0:  coffee-script-source (1.6.3) from /Users/nirujan/.rvm/gems/ruby-2.0.0-p353/specifications/coffee-script-source-1.6.3.gemspec
I, [2014-01-11T17:13:35.518053 #93189]  INFO -- : 0:  execjs (2.0.2) from /Users/nirujan/.rvm/gems/ruby-2.0.0-p353/specifications/execjs-2.0.2.gemspec
I, [2014-01-11T17:13:35.518244 #93189]  INFO -- : 0:  coffee-script (2.2.0) from /Users/nirujan/.rvm/gems/ruby-2.0.0-p353/specifications/coffee-script-2.2.0.gemspec
I, [2014-01-11T17:13:35.518434 #93189]  INFO -- : 0:  thor (0.18.1) from /Users/nirujan/.rvm/gems/ruby-2.0.0-p353/specifications/thor-0.18.1.gemspec
I, [2014-01-11T17:13:35.518628 #93189]  INFO -- : 0:  railties (4.0.1) from /Users/nirujan/.rvm/gems/ruby-2.0.0-p353/specifications/railties-4.0.1.gemspec
I, [2014-01-11T17:13:35.518807 #93189]  INFO -- : 0:  coffee-rails (4.0.1) from /Users/nirujan/.rvm/gems/ruby-2.0.0-p353/specifications/coffee-rails-4.0.1.gemspec
I, [2014-01-11T17:13:35.518996 #93189]  INFO -- : 0:  hike (1.2.3) from /Users/nirujan/.rvm/gems/ruby-2.0.0-p353/specifications/hike-1.2.3.gemspec
I, [2014-01-11T17:13:35.519191 #93189]  INFO -- : 0:  jbuilder (1.5.3) from /Users/nirujan/.rvm/gems/ruby-2.0.0-p353/specifications/jbuilder-1.5.3.gemspec
I, [2014-01-11T17:13:35.519383 #93189]  INFO -- : 0:  jquery-rails (3.0.4) from /Users/nirujan/.rvm/gems/ruby-2.0.0-p353/specifications/jquery-rails-3.0.4.gemspec
I, [2014-01-11T17:13:35.519577 #93189]  INFO -- : 0:  json (1.8.1) from /Users/nirujan/.rvm/gems/ruby-2.0.0-p353/specifications/json-1.8.1.gemspec
I, [2014-01-11T17:13:35.519747 #93189]  INFO -- : 0:  bundler (1.5.1) from /Users/nirujan/.rvm/gems/ruby-2.0.0-p353@global/specifications/bundler-1.5.1.gemspec
I, [2014-01-11T17:13:35.519934 #93189]  INFO -- : 0:  tilt (1.4.1) from /Users/nirujan/.rvm/gems/ruby-2.0.0-p353/specifications/tilt-1.4.1.gemspec
I, [2014-01-11T17:13:35.520123 #93189]  INFO -- : 0:  sprockets (2.10.1) from /Users/nirujan/.rvm/gems/ruby-2.0.0-p353/specifications/sprockets-2.10.1.gemspec
I, [2014-01-11T17:13:35.520312 #93189]  INFO -- : 0:  sprockets-rails (2.0.1) from /Users/nirujan/.rvm/gems/ruby-2.0.0-p353/specifications/sprockets-rails-2.0.1.gemspec
I, [2014-01-11T17:13:35.520505 #93189]  INFO -- : 0:  rails (4.0.1) from /Users/nirujan/.rvm/gems/ruby-2.0.0-p353/specifications/rails-4.0.1.gemspec
I, [2014-01-11T17:13:35.520700 #93189]  INFO -- : 0:  rdoc (4.1.1) from /Users/nirujan/.rvm/gems/ruby-2.0.0-p353/specifications/rdoc-4.1.1.gemspec
I, [2014-01-11T17:13:35.520880 #93189]  INFO -- : 0:  sass (3.2.13) from /Users/nirujan/.rvm/gems/ruby-2.0.0-p353/specifications/sass-3.2.13.gemspec
I, [2014-01-11T17:13:35.521069 #93189]  INFO -- : 0:  sass-rails (4.0.1) from /Users/nirujan/.rvm/gems/ruby-2.0.0-p353/specifications/sass-rails-4.0.1.gemspec
I, [2014-01-11T17:13:35.521264 #93189]  INFO -- : 0:  sdoc (0.4.0) from /Users/nirujan/.rvm/gems/ruby-2.0.0-p353/specifications/sdoc-0.4.0.gemspec
I, [2014-01-11T17:13:35.521457 #93189]  INFO -- : 0:  turbolinks (2.2.0) from /Users/nirujan/.rvm/gems/ruby-2.0.0-p353/specifications/turbolinks-2.2.0.gemspec
I, [2014-01-11T17:13:35.521647 #93189]  INFO -- : 0:  uglifier (2.4.0) from /Users/nirujan/.rvm/gems/ruby-2.0.0-p353/specifications/uglifier-2.4.0.gemspec
